# JRE version: OpenJDK Runtime Environment Temurin-21.0.9+10 (21.0.9+10) (build 21.0.9+10-LTS)
# Java VM: OpenJDK 64-Bit Server VM Temurin-21.0.9+10 (21.0.9+10-LTS, mixed mode, sharing, tiered, compressed oops, compressed class ptrs, parallel gc, windows-amd64)
GC Precious Log:
 CardTable entry size: 512
 CPUs: 4 total, 4 available
 Memory: 7854M
 Large Page Support: Disabled
 NUMA Support: Disabled
 Compressed Oops: Enabled (32-bit)
 Alignments: Space 512K, Generation 512K, Heap 2M
 Heap Min Capacity: 100M
 Heap Initial Capacity: 100M
 Heap Max Capacity: 2G
 Pre-touch: Disabled
 Parallel Workers: 4
Heap:
 PSYoungGen      total 9728K, used 4070K [0x00000000d5580000, 0x00000000d6100000, 0x0000000100000000)
  eden space 9216K, 38% used [0x00000000d5580000,0x00000000d58ff2a0,0x00000000d5e80000)
  from space 512K, 95% used [0x00000000d6000000,0x00000000d607a6c0,0x00000000d6080000)
  to   space 512K, 0% used [0x00000000d6080000,0x00000000d6080000,0x00000000d6100000)
 ParOldGen       total 367616K, used 367271K [0x0000000080000000, 0x0000000096700000, 0x00000000d5580000)
  object space 367616K, 99% used [0x0000000080000000,0x00000000966a9e70,0x0000000096700000)
 Metaspace       used 78408K, committed 79872K, reserved 1179648K
  class space    used 8358K, committed 8960K, reserved 1048576K
GC Heap History (20 events):
Event: 4454.237 GC heap before
{Heap before GC invocations=827 (full 4):
 PSYoungGen      total 4608K, used 4416K [0x00000000d5580000, 0x00000000d5b00000, 0x0000000100000000)
  eden space 4096K, 100% used [0x00000000d5580000,0x00000000d5980000,0x00000000d5980000)
  from space 512K, 62% used [0x00000000d5a00000,0x00000000d5a50000,0x00000000d5a80000)
  to   space 512K, 0% used [0x00000000d5a80000,0x00000000d5a80000,0x00000000d5b00000)
 ParOldGen       total 364544K, used 364346K [0x0000000080000000, 0x0000000096400000, 0x00000000d5580000)
  object space 364544K, 99% used [0x0000000080000000,0x00000000963ce8b8,0x0000000096400000)
 Metaspace       used 78311K, committed 79744K, reserved 1179648K
  class space    used 8356K, committed 8960K, reserved 1048576K
}
Event: 4454.239 GC heap after
{Heap after GC invocations=827 (full 4):
 PSYoungGen      total 4608K, used 384K [0x00000000d5580000, 0x00000000d5b00000, 0x0000000100000000)
  eden space 4096K, 0% used [0x00000000d5580000,0x00000000d5580000,0x00000000d5980000)
  from space 512K, 75% used [0x00000000d5a80000,0x00000000d5ae0000,0x00000000d5b00000)
  to   space 512K, 0% used [0x00000000d5a00000,0x00000000d5a00000,0x00000000d5a80000)
 ParOldGen       total 365056K, used 364594K [0x0000000080000000, 0x0000000096480000, 0x00000000d5580000)
  object space 365056K, 99% used [0x0000000080000000,0x000000009640c8b8,0x0000000096480000)
 Metaspace       used 78311K, committed 79744K, reserved 1179648K
  class space    used 8356K, committed 8960K, reserved 1048576K
}
Event: 4454.244 GC heap before
{Heap before GC invocations=828 (full 4):
 PSYoungGen      total 4608K, used 4480K [0x00000000d5580000, 0x00000000d5b00000, 0x0000000100000000)
  eden space 4096K, 100% used [0x00000000d5580000,0x00000000d5980000,0x00000000d5980000)
  from space 512K, 75% used [0x00000000d5a80000,0x00000000d5ae0000,0x00000000d5b00000)
  to   space 512K, 0% used [0x00000000d5a00000,0x00000000d5a00000,0x00000000d5a80000)
 ParOldGen       total 365056K, used 364594K [0x0000000080000000, 0x0000000096480000, 0x00000000d5580000)
  object space 365056K, 99% used [0x0000000080000000,0x000000009640c8b8,0x0000000096480000)
 Metaspace       used 78311K, committed 79744K, reserved 1179648K
  class space    used 8356K, committed 8960K, reserved 1048576K
}
Event: 4454.250 GC heap after
{Heap after GC invocations=828 (full 4):
 PSYoungGen      total 5120K, used 512K [0x00000000d5580000, 0x00000000d5d80000, 0x0000000100000000)
  eden space 4608K, 0% used [0x00000000d5580000,0x00000000d5580000,0x00000000d5a00000)
  from space 512K, 100% used [0x00000000d5a00000,0x00000000d5a80000,0x00000000d5a80000)
  to   space 1536K, 0% used [0x00000000d5c00000,0x00000000d5c00000,0x00000000d5d80000)
 ParOldGen       total 365568K, used 365242K [0x0000000080000000, 0x0000000096500000, 0x00000000d5580000)
  object space 365568K, 99% used [0x0000000080000000,0x00000000964ae8d8,0x0000000096500000)
 Metaspace       used 78311K, committed 79744K, reserved 1179648K
  class space    used 8356K, committed 8960K, reserved 1048576K
}
Event: 4454.256 GC heap before
{Heap before GC invocations=829 (full 4):
 PSYoungGen      total 5120K, used 5120K [0x00000000d5580000, 0x00000000d5d80000, 0x0000000100000000)
  eden space 4608K, 100% used [0x00000000d5580000,0x00000000d5a00000,0x00000000d5a00000)
  from space 512K, 100% used [0x00000000d5a00000,0x00000000d5a80000,0x00000000d5a80000)
  to   space 1536K, 0% used [0x00000000d5c00000,0x00000000d5c00000,0x00000000d5d80000)
 ParOldGen       total 365568K, used 365242K [0x0000000080000000, 0x0000000096500000, 0x00000000d5580000)
  object space 365568K, 99% used [0x0000000080000000,0x00000000964ae8d8,0x0000000096500000)
 Metaspace       used 78311K, committed 79744K, reserved 1179648K
  class space    used 8356K, committed 8960K, reserved 1048576K
}
Event: 4454.259 GC heap after
{Heap after GC invocations=829 (full 4):
 PSYoungGen      total 6656K, used 480K [0x00000000d5580000, 0x00000000d5d00000, 0x0000000100000000)
  eden space 5632K, 0% used [0x00000000d5580000,0x00000000d5580000,0x00000000d5b00000)
  from space 1024K, 46% used [0x00000000d5c00000,0x00000000d5c78000,0x00000000d5d00000)
  to   space 1024K, 0% used [0x00000000d5b00000,0x00000000d5b00000,0x00000000d5c00000)
 ParOldGen       total 366080K, used 365602K [0x0000000080000000, 0x0000000096580000, 0x00000000d5580000)
  object space 366080K, 99% used [0x0000000080000000,0x00000000965088d8,0x0000000096580000)
 Metaspace       used 78311K, committed 79744K, reserved 1179648K
  class space    used 8356K, committed 8960K, reserved 1048576K
}
Event: 4454.308 GC heap before
{Heap before GC invocations=830 (full 4):
 PSYoungGen      total 6656K, used 6112K [0x00000000d5580000, 0x00000000d5d00000, 0x0000000100000000)
  eden space 5632K, 100% used [0x00000000d5580000,0x00000000d5b00000,0x00000000d5b00000)
  from space 1024K, 46% used [0x00000000d5c00000,0x00000000d5c78000,0x00000000d5d00000)
  to   space 1024K, 0% used [0x00000000d5b00000,0x00000000d5b00000,0x00000000d5c00000)
 ParOldGen       total 366080K, used 365602K [0x0000000080000000, 0x0000000096580000, 0x00000000d5580000)
  object space 366080K, 99% used [0x0000000080000000,0x00000000965088d8,0x0000000096580000)
 Metaspace       used 78311K, committed 79744K, reserved 1179648K
  class space    used 8356K, committed 8960K, reserved 1048576K
}
Event: 4454.310 GC heap after
{Heap after GC invocations=830 (full 4):
 PSYoungGen      total 6656K, used 96K [0x00000000d5580000, 0x00000000d5d80000, 0x0000000100000000)
  eden space 5632K, 0% used [0x00000000d5580000,0x00000000d5580000,0x00000000d5b00000)
  from space 1024K, 9% used [0x00000000d5b00000,0x00000000d5b18000,0x00000000d5c00000)
  to   space 512K, 0% used [0x00000000d5d00000,0x00000000d5d00000,0x00000000d5d80000)
 ParOldGen       total 366080K, used 365650K [0x0000000080000000, 0x0000000096580000, 0x00000000d5580000)
  object space 366080K, 99% used [0x0000000080000000,0x00000000965148d8,0x0000000096580000)
 Metaspace       used 78311K, committed 79744K, reserved 1179648K
  class space    used 8356K, committed 8960K, reserved 1048576K
}
Event: 4454.321 GC heap before
{Heap before GC invocations=831 (full 4):
 PSYoungGen      total 6656K, used 5728K [0x00000000d5580000, 0x00000000d5d80000, 0x0000000100000000)
  eden space 5632K, 100% used [0x00000000d5580000,0x00000000d5b00000,0x00000000d5b00000)
  from space 1024K, 9% used [0x00000000d5b00000,0x00000000d5b18000,0x00000000d5c00000)
  to   space 512K, 0% used [0x00000000d5d00000,0x00000000d5d00000,0x00000000d5d80000)
 ParOldGen       total 366080K, used 365650K [0x0000000080000000, 0x0000000096580000, 0x00000000d5580000)
  object space 366080K, 99% used [0x0000000080000000,0x00000000965148d8,0x0000000096580000)
 Metaspace       used 78312K, committed 79744K, reserved 1179648K
  class space    used 8356K, committed 8960K, reserved 1048576K
}
Event: 4454.324 GC heap after
{Heap after GC invocations=831 (full 4):
 PSYoungGen      total 7680K, used 256K [0x00000000d5580000, 0x00000000d5d80000, 0x0000000100000000)
  eden space 7168K, 0% used [0x00000000d5580000,0x00000000d5580000,0x00000000d5c80000)
  from space 512K, 50% used [0x00000000d5d00000,0x00000000d5d40000,0x00000000d5d80000)
  to   space 512K, 0% used [0x00000000d5c80000,0x00000000d5c80000,0x00000000d5d00000)
 ParOldGen       total 366080K, used 365674K [0x0000000080000000, 0x0000000096580000, 0x00000000d5580000)
  object space 366080K, 99% used [0x0000000080000000,0x000000009651a8d8,0x0000000096580000)
 Metaspace       used 78312K, committed 79744K, reserved 1179648K
  class space    used 8356K, committed 8960K, reserved 1048576K
}
Event: 4454.339 GC heap before
{Heap before GC invocations=832 (full 4):
 PSYoungGen      total 7680K, used 7424K [0x00000000d5580000, 0x00000000d5d80000, 0x0000000100000000)
  eden space 7168K, 100% used [0x00000000d5580000,0x00000000d5c80000,0x00000000d5c80000)
  from space 512K, 50% used [0x00000000d5d00000,0x00000000d5d40000,0x00000000d5d80000)
  to   space 512K, 0% used [0x00000000d5c80000,0x00000000d5c80000,0x00000000d5d00000)
 ParOldGen       total 366080K, used 365674K [0x0000000080000000, 0x0000000096580000, 0x00000000d5580000)
  object space 366080K, 99% used [0x0000000080000000,0x000000009651a8d8,0x0000000096580000)
 Metaspace       used 78312K, committed 79744K, reserved 1179648K
  class space    used 8356K, committed 8960K, reserved 1048576K
}
Event: 4454.343 GC heap after
{Heap after GC invocations=832 (full 4):
 PSYoungGen      total 7680K, used 512K [0x00000000d5580000, 0x00000000d6200000, 0x0000000100000000)
  eden space 7168K, 0% used [0x00000000d5580000,0x00000000d5580000,0x00000000d5c80000)
  from space 512K, 100% used [0x00000000d5c80000,0x00000000d5d00000,0x00000000d5d00000)
  to   space 2048K, 0% used [0x00000000d6000000,0x00000000d6000000,0x00000000d6200000)
 ParOldGen       total 366592K, used 366518K [0x0000000080000000, 0x0000000096600000, 0x00000000d5580000)
  object space 366592K, 99% used [0x0000000080000000,0x00000000965ed8e8,0x0000000096600000)
 Metaspace       used 78312K, committed 79744K, reserved 1179648K
  class space    used 8356K, committed 8960K, reserved 1048576K
}
Event: 4454.354 GC heap before
{Heap before GC invocations=833 (full 4):
 PSYoungGen      total 7680K, used 7680K [0x00000000d5580000, 0x00000000d6200000, 0x0000000100000000)
  eden space 7168K, 100% used [0x00000000d5580000,0x00000000d5c80000,0x00000000d5c80000)
  from space 512K, 100% used [0x00000000d5c80000,0x00000000d5d00000,0x00000000d5d00000)
  to   space 2048K, 0% used [0x00000000d6000000,0x00000000d6000000,0x00000000d6200000)
 ParOldGen       total 366592K, used 366518K [0x0000000080000000, 0x0000000096600000, 0x00000000d5580000)
  object space 366592K, 99% used [0x0000000080000000,0x00000000965ed8e8,0x0000000096600000)
 Metaspace       used 78312K, committed 79744K, reserved 1179648K
  class space    used 8356K, committed 8960K, reserved 1048576K
}
Event: 4454.356 GC heap after
{Heap after GC invocations=833 (full 4):
 PSYoungGen      total 9216K, used 384K [0x00000000d5580000, 0x00000000d6080000, 0x0000000100000000)
  eden space 8704K, 0% used [0x00000000d5580000,0x00000000d5580000,0x00000000d5e00000)
  from space 512K, 75% used [0x00000000d6000000,0x00000000d6060000,0x00000000d6080000)
  to   space 1024K, 0% used [0x00000000d5e80000,0x00000000d5e80000,0x00000000d5f80000)
 ParOldGen       total 367104K, used 366846K [0x0000000080000000, 0x0000000096680000, 0x00000000d5580000)
  object space 367104K, 99% used [0x0000000080000000,0x000000009663f8e8,0x0000000096680000)
 Metaspace       used 78312K, committed 79744K, reserved 1179648K
  class space    used 8356K, committed 8960K, reserved 1048576K
}
Event: 4454.370 GC heap before
{Heap before GC invocations=834 (full 4):
 PSYoungGen      total 9216K, used 9088K [0x00000000d5580000, 0x00000000d6080000, 0x0000000100000000)
  eden space 8704K, 100% used [0x00000000d5580000,0x00000000d5e00000,0x00000000d5e00000)
  from space 512K, 75% used [0x00000000d6000000,0x00000000d6060000,0x00000000d6080000)
  to   space 1024K, 0% used [0x00000000d5e80000,0x00000000d5e80000,0x00000000d5f80000)
 ParOldGen       total 367104K, used 366846K [0x0000000080000000, 0x0000000096680000, 0x00000000d5580000)
  object space 367104K, 99% used [0x0000000080000000,0x000000009663f8e8,0x0000000096680000)
 Metaspace       used 78312K, committed 79744K, reserved 1179648K
  class space    used 8356K, committed 8960K, reserved 1048576K
}
Event: 4454.373 GC heap after
{Heap after GC invocations=834 (full 4):
 PSYoungGen      total 10240K, used 160K [0x00000000d5580000, 0x00000000d6100000, 0x0000000100000000)
  eden space 9216K, 0% used [0x00000000d5580000,0x00000000d5580000,0x00000000d5e80000)
  from space 1024K, 15% used [0x00000000d5e80000,0x00000000d5ea8000,0x00000000d5f80000)
  to   space 512K, 0% used [0x00000000d6080000,0x00000000d6080000,0x00000000d6100000)
 ParOldGen       total 367104K, used 366918K [0x0000000080000000, 0x0000000096680000, 0x00000000d5580000)
  object space 367104K, 99% used [0x0000000080000000,0x00000000966518e8,0x0000000096680000)
 Metaspace       used 78312K, committed 79744K, reserved 1179648K
  class space    used 8356K, committed 8960K, reserved 1048576K
}
Event: 4454.408 GC heap before
{Heap before GC invocations=835 (full 4):
 PSYoungGen      total 10240K, used 9376K [0x00000000d5580000, 0x00000000d6100000, 0x0000000100000000)
  eden space 9216K, 100% used [0x00000000d5580000,0x00000000d5e80000,0x00000000d5e80000)
  from space 1024K, 15% used [0x00000000d5e80000,0x00000000d5ea8000,0x00000000d5f80000)
  to   space 512K, 0% used [0x00000000d6080000,0x00000000d6080000,0x00000000d6100000)
 ParOldGen       total 367104K, used 366918K [0x0000000080000000, 0x0000000096680000, 0x00000000d5580000)
  object space 367104K, 99% used [0x0000000080000000,0x00000000966518e8,0x0000000096680000)
 Metaspace       used 78313K, committed 79744K, reserved 1179648K
  class space    used 8356K, committed 8960K, reserved 1048576K
}
Event: 4454.409 GC heap after
{Heap after GC invocations=835 (full 4):
 PSYoungGen      total 9728K, used 256K [0x00000000d5580000, 0x00000000d6100000, 0x0000000100000000)
  eden space 9216K, 0% used [0x00000000d5580000,0x00000000d5580000,0x00000000d5e80000)
  from space 512K, 50% used [0x00000000d6080000,0x00000000d60c0000,0x00000000d6100000)
  to   space 512K, 0% used [0x00000000d6000000,0x00000000d6000000,0x00000000d6080000)
 ParOldGen       total 367104K, used 366934K [0x0000000080000000, 0x0000000096680000, 0x00000000d5580000)
  object space 367104K, 99% used [0x0000000080000000,0x00000000966558e8,0x0000000096680000)
 Metaspace       used 78313K, committed 79744K, reserved 1179648K
  class space    used 8356K, committed 8960K, reserved 1048576K
}
Event: 4455.157 GC heap before
{Heap before GC invocations=836 (full 4):
 PSYoungGen      total 9728K, used 9472K [0x00000000d5580000, 0x00000000d6100000, 0x0000000100000000)
  eden space 9216K, 100% used [0x00000000d5580000,0x00000000d5e80000,0x00000000d5e80000)
  from space 512K, 50% used [0x00000000d6080000,0x00000000d60c0000,0x00000000d6100000)
  to   space 512K, 0% used [0x00000000d6000000,0x00000000d6000000,0x00000000d6080000)
 ParOldGen       total 367104K, used 366934K [0x0000000080000000, 0x0000000096680000, 0x00000000d5580000)
  object space 367104K, 99% used [0x0000000080000000,0x00000000966558e8,0x0000000096680000)
 Metaspace       used 78368K, committed 79808K, reserved 1179648K
  class space    used 8357K, committed 8960K, reserved 1048576K
}
Event: 4455.161 GC heap after
{Heap after GC invocations=836 (full 4):
 PSYoungGen      total 9728K, used 489K [0x00000000d5580000, 0x00000000d6100000, 0x0000000100000000)
  eden space 9216K, 0% used [0x00000000d5580000,0x00000000d5580000,0x00000000d5e80000)
  from space 512K, 95% used [0x00000000d6000000,0x00000000d607a6c0,0x00000000d6080000)
  to   space 512K, 0% used [0x00000000d6080000,0x00000000d6080000,0x00000000d6100000)
 ParOldGen       total 367616K, used 367271K [0x0000000080000000, 0x0000000096700000, 0x00000000d5580000)
  object space 367616K, 99% used [0x0000000080000000,0x00000000966a9e70,0x0000000096700000)
 Metaspace       used 78368K, committed 79808K, reserved 1179648K
  class space    used 8357K, committed 8960K, reserved 1048576K
}

